<?xml version="1.0" encoding="UTF-8" ?>
<testsuite failures="0" time="1.41" errors="0" skipped="0" tests="4" name="com.emix.dubai.business.service.system.UserServiceTest">
  <properties>
    <property name="java.runtime.name" value="Java(TM) SE Runtime Environment"/>
    <property name="sun.boot.library.path" value="D:\devtools\jdk\jdk1.7.0_06\jre\bin"/>
    <property name="java.vm.version" value="23.2-b09"/>
    <property name="java.vm.vendor" value="Oracle Corporation"/>
    <property name="java.vendor.url" value="http://java.oracle.com/"/>
    <property name="path.separator" value=";"/>
    <property name="guice.disable.misplaced.annotation.check" value="true"/>
    <property name="java.vm.name" value="Java HotSpot(TM) Client VM"/>
    <property name="file.encoding.pkg" value="sun.io"/>
    <property name="idea.launcher.port" value="7536"/>
    <property name="user.script" value=""/>
    <property name="user.country" value="US"/>
    <property name="sun.java.launcher" value="SUN_STANDARD"/>
    <property name="sun.os.patch.level" value="Service Pack 1"/>
    <property name="java.vm.specification.name" value="Java Virtual Machine Specification"/>
    <property name="user.dir" value="D:\git\dubai\components\business"/>
    <property name="java.runtime.version" value="1.7.0_06-b24"/>
    <property name="java.awt.graphicsenv" value="sun.awt.Win32GraphicsEnvironment"/>
    <property name="java.endorsed.dirs" value="D:\devtools\jdk\jdk1.7.0_06\jre\lib\endorsed"/>
    <property name="os.arch" value="x86"/>
    <property name="java.io.tmpdir" value="C:\Users\nikog\AppData\Local\Temp\"/>
    <property name="line.separator" value="
"/>
    <property name="java.vm.specification.vendor" value="Oracle Corporation"/>
    <property name="user.variant" value=""/>
    <property name="os.name" value="Windows 7"/>
    <property name="classworlds.conf" value="D:\devtools\maven\bin\m2.conf"/>
    <property name="sun.jnu.encoding" value="GBK"/>
    <property name="java.library.path" value="D:\devtools\jdk\jdk1.7.0_06\bin;C:\Windows\Sun\Java\bin;C:\Windows\system32;C:\Windows;C:\Program Files\JetBrains\IntelliJ IDEA 12.1\bin\..\.\bin;C:\Program Files\Intel\iCLS Client\;D:\devtools\db\Oracle\product\10.1.0\Client_1\bin;C:\Windows\system32;C:\Windows;C:\Windows\System32\Wbem;C:\Windows\System32\WindowsPowerShell\v1.0\;C:\Program Files\Common Files\Roxio Shared\10.0\DLLShared\;C:\Program Files\Perforce;c:\Program Files\Common Files\Ulead Systems\MPEG;C:\Program Files\Bitvise Tunnelier;C:\Program Files\TortoiseSVN\bin;C:\Program Files\Intel\Intel(R) Management Engine Components\DAL;C:\Program Files\Intel\Intel(R) Management Engine Components\IPT;C:\Program Files\Symantec\VIP Access Client\;C:\Program Files\Git\cmd;C:\Program Files\Heroku\bin;C:\Program Files\git\cmd;D:\devtools\jdk\jdk1.6.0_29\bin;C:\Program Files\SSH Communications Security\SSH Secure Shell;D:\devtools\ant\apache-ant-1.7.1\bin;D:\devtools\Perl\bin;D:\devtools\db\mongodb\bin;C:\Program Files\nodejs;D:\devtools\python\Python27;D:\devtools\framework\play\play-2.0.2;C:\git\cmd;D:\devtools\maven\bin;C:\Ruby200\bin;;c:\program files\jetbrains\intellij idea 12.1\jre\jre\bin;."/>
    <property name="java.specification.name" value="Java Platform API Specification"/>
    <property name="java.class.version" value="51.0"/>
    <property name="sun.management.compiler" value="HotSpot Client Compiler"/>
    <property name="os.version" value="6.1"/>
    <property name="user.home" value="C:\Users\nikog"/>
    <property name="user.timezone" value="Asia/Shanghai"/>
    <property name="java.awt.printerjob" value="sun.awt.windows.WPrinterJob"/>
    <property name="java.specification.version" value="1.7"/>
    <property name="idea.launcher.bin.path" value="C:\Program Files\JetBrains\IntelliJ IDEA 12.1\bin"/>
    <property name="file.encoding" value="UTF-8"/>
    <property name="user.name" value="nikog"/>
    <property name="java.class.path" value="D:\devtools\maven\boot\plexus-classworlds-2.4.jar;C:\Program Files\JetBrains\IntelliJ IDEA 12.1\lib\idea_rt.jar"/>
    <property name="java.vm.specification.version" value="1.7"/>
    <property name="sun.arch.data.model" value="32"/>
    <property name="java.home" value="D:\devtools\jdk\jdk1.7.0_06\jre"/>
    <property name="sun.java.command" value="com.intellij.rt.execution.application.AppMain org.codehaus.classworlds.Launcher --fail-fast --strict-checksums install"/>
    <property name="java.specification.vendor" value="Oracle Corporation"/>
    <property name="user.language" value="en"/>
    <property name="awt.toolkit" value="sun.awt.windows.WToolkit"/>
    <property name="java.vm.info" value="mixed mode, sharing"/>
    <property name="java.version" value="1.7.0_06"/>
    <property name="java.ext.dirs" value="D:\devtools\jdk\jdk1.7.0_06\jre\lib\ext;C:\Windows\Sun\Java\lib\ext"/>
    <property name="sun.boot.class.path" value="D:\devtools\jdk\jdk1.7.0_06\jre\lib\resources.jar;D:\devtools\jdk\jdk1.7.0_06\jre\lib\rt.jar;D:\devtools\jdk\jdk1.7.0_06\jre\lib\sunrsasign.jar;D:\devtools\jdk\jdk1.7.0_06\jre\lib\jsse.jar;D:\devtools\jdk\jdk1.7.0_06\jre\lib\jce.jar;D:\devtools\jdk\jdk1.7.0_06\jre\lib\charsets.jar;D:\devtools\jdk\jdk1.7.0_06\jre\lib\jfr.jar;D:\devtools\jdk\jdk1.7.0_06\jre\classes"/>
    <property name="java.vendor" value="Oracle Corporation"/>
    <property name="maven.home" value="D:\devtools\maven"/>
    <property name="file.separator" value="\"/>
    <property name="java.vendor.url.bug" value="http://bugreport.sun.com/bugreport/"/>
    <property name="sun.cpu.endian" value="little"/>
    <property name="sun.io.unicode.encoding" value="UnicodeLittle"/>
    <property name="sun.desktop" value="windows"/>
    <property name="sun.cpu.isalist" value="pentium_pro+mmx pentium_pro pentium+mmx pentium i486 i386 i86"/>
  </properties>
  <testcase time="1.324" classname="com.emix.dubai.business.service.system.UserServiceTest" name="registerUser"/>
  <testcase time="0.012" classname="com.emix.dubai.business.service.system.UserServiceTest" name="entryptPassword"/>
  <testcase time="0.011" classname="com.emix.dubai.business.service.system.UserServiceTest" name="updateUser"/>
  <testcase time="0.063" classname="com.emix.dubai.business.service.system.UserServiceTest" name="deleteUser"/>
</testsuite>